d:\workspace\pro++\mfc_version\pro++\debug\pro++.pch
d:\workspace\pro++\mfc_version\pro++\debug\vc142.pdb
d:\workspace\pro++\mfc_version\pro++\debug\vc142.idb
d:\workspace\pro++\mfc_version\pro++\debug\pch.obj
d:\workspace\pro++\mfc_version\pro++\debug\str_utils.obj
d:\workspace\pro++\mfc_version\pro++\debug\sqlite_utils.obj
d:\workspace\pro++\mfc_version\pro++\debug\pro_today_dlg.obj
d:\workspace\pro++\mfc_version\pro++\debug\pro_statistics_serv.obj
d:\workspace\pro++\mfc_version\pro++\debug\pro_statistics_dlg.obj
d:\workspace\pro++\mfc_version\pro++\debug\pro_search_dlg.obj
d:\workspace\pro++\mfc_version\pro++\debug\pro.obj
d:\workspace\pro++\mfc_version\pro++\debug\pro++_dlg.obj
d:\workspace\pro++\mfc_version\pro++\debug\pro++.obj
d:\workspace\pro++\mfc_version\pro++\debug\book_serv.obj
d:\workspace\pro++\mfc_version\pro++\debug\book_dlg.obj
d:\workspace\pro++\mfc_version\pro++\debug\book_add_dlg.obj
d:\workspace\pro++\mfc_version\pro++\debug\book.obj
d:\workspace\pro++\mfc_version\pro++\debug\movie_dlg.obj
d:\workspace\pro++\mfc_version\pro++\debug\movie_add_dlg.obj
d:\workspace\pro++\mfc_version\pro++\debug\movie.obj
d:\workspace\pro++\mfc_version\pro++\debug\book_edit_dlg.obj
d:\workspace\pro++\mfc_version\debug\pro++.exe
d:\workspace\pro++\mfc_version\debug\pro++.pdb
d:\workspace\pro++\mfc_version\pro++\debug\pro.res
d:\workspace\pro++\mfc_version\pro++\debug\pro++.tlog\cl.command.1.tlog
d:\workspace\pro++\mfc_version\pro++\debug\pro++.tlog\cl.read.1.tlog
d:\workspace\pro++\mfc_version\pro++\debug\pro++.tlog\cl.write.1.tlog
d:\workspace\pro++\mfc_version\pro++\debug\pro++.tlog\link.10904.delete.1.tlog
d:\workspace\pro++\mfc_version\pro++\debug\pro++.tlog\link.11488.delete.1.tlog
d:\workspace\pro++\mfc_version\pro++\debug\pro++.tlog\link.13264.delete.1.tlog
d:\workspace\pro++\mfc_version\pro++\debug\pro++.tlog\link.13360.delete.1.tlog
d:\workspace\pro++\mfc_version\pro++\debug\pro++.tlog\link.15416.delete.1.tlog
d:\workspace\pro++\mfc_version\pro++\debug\pro++.tlog\link.15796.delete.1.tlog
d:\workspace\pro++\mfc_version\pro++\debug\pro++.tlog\link.15876.delete.1.tlog
d:\workspace\pro++\mfc_version\pro++\debug\pro++.tlog\link.16300.delete.1.tlog
d:\workspace\pro++\mfc_version\pro++\debug\pro++.tlog\link.16332.delete.1.tlog
d:\workspace\pro++\mfc_version\pro++\debug\pro++.tlog\link.16380.delete.1.tlog
d:\workspace\pro++\mfc_version\pro++\debug\pro++.tlog\link.16496.delete.1.tlog
d:\workspace\pro++\mfc_version\pro++\debug\pro++.tlog\link.16516.delete.1.tlog
d:\workspace\pro++\mfc_version\pro++\debug\pro++.tlog\link.16956.delete.1.tlog
d:\workspace\pro++\mfc_version\pro++\debug\pro++.tlog\link.17028.delete.1.tlog
d:\workspace\pro++\mfc_version\pro++\debug\pro++.tlog\link.17080.delete.1.tlog
d:\workspace\pro++\mfc_version\pro++\debug\pro++.tlog\link.17316.delete.1.tlog
d:\workspace\pro++\mfc_version\pro++\debug\pro++.tlog\link.1736.delete.1.tlog
d:\workspace\pro++\mfc_version\pro++\debug\pro++.tlog\link.17376.delete.1.tlog
d:\workspace\pro++\mfc_version\pro++\debug\pro++.tlog\link.18240.delete.1.tlog
d:\workspace\pro++\mfc_version\pro++\debug\pro++.tlog\link.18576.delete.1.tlog
d:\workspace\pro++\mfc_version\pro++\debug\pro++.tlog\link.18844.delete.1.tlog
d:\workspace\pro++\mfc_version\pro++\debug\pro++.tlog\link.19400.delete.1.tlog
d:\workspace\pro++\mfc_version\pro++\debug\pro++.tlog\link.19648.delete.1.tlog
d:\workspace\pro++\mfc_version\pro++\debug\pro++.tlog\link.19676.delete.1.tlog
d:\workspace\pro++\mfc_version\pro++\debug\pro++.tlog\link.19896.delete.1.tlog
d:\workspace\pro++\mfc_version\pro++\debug\pro++.tlog\link.19980.delete.1.tlog
d:\workspace\pro++\mfc_version\pro++\debug\pro++.tlog\link.20268.delete.1.tlog
d:\workspace\pro++\mfc_version\pro++\debug\pro++.tlog\link.20628.delete.1.tlog
d:\workspace\pro++\mfc_version\pro++\debug\pro++.tlog\link.20848.delete.1.tlog
d:\workspace\pro++\mfc_version\pro++\debug\pro++.tlog\link.21488.delete.1.tlog
d:\workspace\pro++\mfc_version\pro++\debug\pro++.tlog\link.21792.delete.1.tlog
d:\workspace\pro++\mfc_version\pro++\debug\pro++.tlog\link.21908.delete.1.tlog
d:\workspace\pro++\mfc_version\pro++\debug\pro++.tlog\link.21964.delete.1.tlog
d:\workspace\pro++\mfc_version\pro++\debug\pro++.tlog\link.22064.delete.1.tlog
d:\workspace\pro++\mfc_version\pro++\debug\pro++.tlog\link.22216.delete.1.tlog
d:\workspace\pro++\mfc_version\pro++\debug\pro++.tlog\link.22356.delete.1.tlog
d:\workspace\pro++\mfc_version\pro++\debug\pro++.tlog\link.22424.delete.1.tlog
d:\workspace\pro++\mfc_version\pro++\debug\pro++.tlog\link.22548.delete.1.tlog
d:\workspace\pro++\mfc_version\pro++\debug\pro++.tlog\link.22804.delete.1.tlog
d:\workspace\pro++\mfc_version\pro++\debug\pro++.tlog\link.23048.delete.1.tlog
d:\workspace\pro++\mfc_version\pro++\debug\pro++.tlog\link.23212.delete.1.tlog
d:\workspace\pro++\mfc_version\pro++\debug\pro++.tlog\link.23376.delete.1.tlog
d:\workspace\pro++\mfc_version\pro++\debug\pro++.tlog\link.23712.delete.1.tlog
d:\workspace\pro++\mfc_version\pro++\debug\pro++.tlog\link.23772.delete.1.tlog
d:\workspace\pro++\mfc_version\pro++\debug\pro++.tlog\link.23840.delete.1.tlog
d:\workspace\pro++\mfc_version\pro++\debug\pro++.tlog\link.23944.delete.1.tlog
d:\workspace\pro++\mfc_version\pro++\debug\pro++.tlog\link.24232.delete.1.tlog
d:\workspace\pro++\mfc_version\pro++\debug\pro++.tlog\link.24280.delete.1.tlog
d:\workspace\pro++\mfc_version\pro++\debug\pro++.tlog\link.24896.delete.1.tlog
d:\workspace\pro++\mfc_version\pro++\debug\pro++.tlog\link.25772.delete.1.tlog
d:\workspace\pro++\mfc_version\pro++\debug\pro++.tlog\link.25976.delete.1.tlog
d:\workspace\pro++\mfc_version\pro++\debug\pro++.tlog\link.26484.delete.1.tlog
d:\workspace\pro++\mfc_version\pro++\debug\pro++.tlog\link.26628.delete.1.tlog
d:\workspace\pro++\mfc_version\pro++\debug\pro++.tlog\link.27248.delete.1.tlog
d:\workspace\pro++\mfc_version\pro++\debug\pro++.tlog\link.27828.delete.1.tlog
d:\workspace\pro++\mfc_version\pro++\debug\pro++.tlog\link.27880.delete.1.tlog
d:\workspace\pro++\mfc_version\pro++\debug\pro++.tlog\link.28112.delete.1.tlog
d:\workspace\pro++\mfc_version\pro++\debug\pro++.tlog\link.28240.delete.1.tlog
d:\workspace\pro++\mfc_version\pro++\debug\pro++.tlog\link.30132.delete.1.tlog
d:\workspace\pro++\mfc_version\pro++\debug\pro++.tlog\link.30468.delete.1.tlog
d:\workspace\pro++\mfc_version\pro++\debug\pro++.tlog\link.30672.delete.1.tlog
d:\workspace\pro++\mfc_version\pro++\debug\pro++.tlog\link.30800.delete.1.tlog
d:\workspace\pro++\mfc_version\pro++\debug\pro++.tlog\link.31284.delete.1.tlog
d:\workspace\pro++\mfc_version\pro++\debug\pro++.tlog\link.31500.delete.1.tlog
d:\workspace\pro++\mfc_version\pro++\debug\pro++.tlog\link.32984.delete.1.tlog
d:\workspace\pro++\mfc_version\pro++\debug\pro++.tlog\link.33576.delete.1.tlog
d:\workspace\pro++\mfc_version\pro++\debug\pro++.tlog\link.4188.delete.1.tlog
d:\workspace\pro++\mfc_version\pro++\debug\pro++.tlog\link.6164.delete.1.tlog
d:\workspace\pro++\mfc_version\pro++\debug\pro++.tlog\link.6912.delete.1.tlog
d:\workspace\pro++\mfc_version\pro++\debug\pro++.tlog\link.7068.delete.1.tlog
d:\workspace\pro++\mfc_version\pro++\debug\pro++.tlog\link.7088.delete.1.tlog
d:\workspace\pro++\mfc_version\pro++\debug\pro++.tlog\link.8968.delete.1.tlog
d:\workspace\pro++\mfc_version\pro++\debug\pro++.tlog\link.9380.delete.1.tlog
d:\workspace\pro++\mfc_version\pro++\debug\pro++.tlog\link.command.1.tlog
d:\workspace\pro++\mfc_version\pro++\debug\pro++.tlog\link.read.1.tlog
d:\workspace\pro++\mfc_version\pro++\debug\pro++.tlog\link.write.1.tlog
d:\workspace\pro++\mfc_version\pro++\debug\pro++.tlog\rc.command.1.tlog
d:\workspace\pro++\mfc_version\pro++\debug\pro++.tlog\rc.read.1.tlog
d:\workspace\pro++\mfc_version\pro++\debug\pro++.tlog\rc.write.1.tlog
