d:\workspace\pro++\mfc_version\pro++\release\pro++.pch
d:\workspace\pro++\mfc_version\pro++\release\pch.obj
d:\workspace\pro++\mfc_version\pro++\release\vc100.pdb
d:\workspace\pro++\mfc_version\pro++\release\str_utils.obj
d:\workspace\pro++\mfc_version\pro++\release\pro.obj
d:\workspace\pro++\mfc_version\pro++\release\vc142.pdb
d:\workspace\pro++\mfc_version\pro++\release\sqlite_utils.obj
d:\workspace\pro++\mfc_version\pro++\release\pro_today_dlg.obj
d:\workspace\pro++\mfc_version\pro++\release\pro_statistics_serv.obj
d:\workspace\pro++\mfc_version\pro++\release\pro_statistics_dlg.obj
d:\workspace\pro++\mfc_version\pro++\release\pro_search_dlg.obj
d:\workspace\pro++\mfc_version\pro++\release\pro++_dlg.obj
d:\workspace\pro++\mfc_version\pro++\release\pro++.obj
d:\workspace\pro++\mfc_version\pro++\release\book_serv.obj
d:\workspace\pro++\mfc_version\pro++\release\book_dlg.obj
d:\workspace\pro++\mfc_version\pro++\release\book_add_dlg.obj
d:\workspace\pro++\mfc_version\release\pro++.exe
d:\workspace\pro++\mfc_version\release\pro++.pdb
d:\workspace\pro++\mfc_version\release\pro++.ipdb
d:\workspace\pro++\mfc_version\release\pro++.iobj
d:\workspace\pro++\mfc_version\pro++\release\pro.res
d:\workspace\pro++\mfc_version\pro++\release\cl.command.1.tlog
d:\workspace\pro++\mfc_version\pro++\release\cl.read.1.tlog
d:\workspace\pro++\mfc_version\pro++\release\cl.write.1.tlog
d:\workspace\pro++\mfc_version\pro++\release\pro++.tlog\cl.command.1.tlog
d:\workspace\pro++\mfc_version\pro++\release\pro++.tlog\cl.read.1.tlog
d:\workspace\pro++\mfc_version\pro++\release\pro++.tlog\cl.write.1.tlog
d:\workspace\pro++\mfc_version\pro++\release\pro++.tlog\link.command.1.tlog
d:\workspace\pro++\mfc_version\pro++\release\pro++.tlog\link.read.1.tlog
d:\workspace\pro++\mfc_version\pro++\release\pro++.tlog\link.write.1.tlog
d:\workspace\pro++\mfc_version\pro++\release\pro++.tlog\pro++.write.1u.tlog
d:\workspace\pro++\mfc_version\pro++\release\pro++.tlog\rc.command.1.tlog
d:\workspace\pro++\mfc_version\pro++\release\pro++.tlog\rc.read.1.tlog
d:\workspace\pro++\mfc_version\pro++\release\pro++.tlog\rc.write.1.tlog
